qtjwjum5b9l4ww8wo1rb
Got a good locked read

r2rffhtkfpobma6qsj5l
The try count is 1

q2ba5ibvz4fa8cu6r6ch
Success! The next Id is the following:
{"nextId":1373}

qtjwjum5b9l4ww8wo1rb
Got a good locked read

r2rffhtkfpobma6qsj5l
The try count is 1

q2ba5ibvz4fa8cu6r6ch
Success! The next Id is the following:
{"nextId":1376}

rf3z3xrz7bquiy9dqeci
The web page userAdd.html was written successfully to a file.

qtjwjum5b9l4ww8wo1rb
Got a good locked read

r2rffhtkfpobma6qsj5l
The try count is 1

q2ba5ibvz4fa8cu6r6ch
Success! The next Id is the following:
{"nextId":1380}

qtjwjum5b9l4ww8wo1rb
Got a good locked read

r2rffhtkfpobma6qsj5l
The try count is 1

q2ba5ibvz4fa8cu6r6ch
Success! The next Id is the following:
{"nextId":1384}

1trx8iyyv07jk0e6spuh
The email address: betty@gmail.com already exists

qtjwjum5b9l4ww8wo1rb
Got a good locked read

r2rffhtkfpobma6qsj5l
The try count is 1

q2ba5ibvz4fa8cu6r6ch
Success! The next Id is the following:
{"nextId":1388}

qtjwjum5b9l4ww8wo1rb
Got a good locked read

r2rffhtkfpobma6qsj5l
The try count is 1

q2ba5ibvz4fa8cu6r6ch
Success! The next Id is the following:
{"nextId":1392}

qtjwjum5b9l4ww8wo1rb
Got a good locked read

r2rffhtkfpobma6qsj5l
The try count is 1

q2ba5ibvz4fa8cu6r6ch
Success! The next Id is the following:
{"nextId":1395}

qtjwjum5b9l4ww8wo1rb
Got a good locked read

r2rffhtkfpobma6qsj5l
The try count is 1

q2ba5ibvz4fa8cu6r6ch
Success! The next Id is the following:
{"nextId":1400}

