qtjwjum5b9l4ww8wo1rb
Got a good locked read

r2rffhtkfpobma6qsj5l
The try count is 1

q2ba5ibvz4fa8cu6r6ch
Success! The next Id is the following:
{"nextId":1373}

qtjwjum5b9l4ww8wo1rb
Got a good locked read

r2rffhtkfpobma6qsj5l
The try count is 1

q2ba5ibvz4fa8cu6r6ch
Success! The next Id is the following:
{"nextId":1376}

rf3z3xrz7bquiy9dqeci
The web page userAdd.html was written successfully to a file.

qtjwjum5b9l4ww8wo1rb
Got a good locked read

r2rffhtkfpobma6qsj5l
The try count is 1

q2ba5ibvz4fa8cu6r6ch
Success! The next Id is the following:
{"nextId":1380}

qtjwjum5b9l4ww8wo1rb
Got a good locked read

r2rffhtkfpobma6qsj5l
The try count is 1

q2ba5ibvz4fa8cu6r6ch
Success! The next Id is the following:
{"nextId":1384}

1trx8iyyv07jk0e6spuh
The email address: betty@gmail.com already exists

qtjwjum5b9l4ww8wo1rb
Got a good locked read

r2rffhtkfpobma6qsj5l
The try count is 1

q2ba5ibvz4fa8cu6r6ch
Success! The next Id is the following:
{"nextId":1388}

qtjwjum5b9l4ww8wo1rb
Got a good locked read

r2rffhtkfpobma6qsj5l
The try count is 1

q2ba5ibvz4fa8cu6r6ch
Success! The next Id is the following:
{"nextId":1392}

qtjwjum5b9l4ww8wo1rb
Got a good locked read

r2rffhtkfpobma6qsj5l
The try count is 1

q2ba5ibvz4fa8cu6r6ch
Success! The next Id is the following:
{"nextId":1395}

qtjwjum5b9l4ww8wo1rb
Got a good locked read

r2rffhtkfpobma6qsj5l
The try count is 1

q2ba5ibvz4fa8cu6r6ch
Success! The next Id is the following:
{"nextId":1400}

qtjwjum5b9l4ww8wo1rb
Got a good locked read

r2rffhtkfpobma6qsj5l
The try count is 1

q2ba5ibvz4fa8cu6r6ch
Success! The next Id is the following:
{"nextId":1405}

qtjwjum5b9l4ww8wo1rb
Got a good locked read

r2rffhtkfpobma6qsj5l
The try count is 1

q2ba5ibvz4fa8cu6r6ch
Success! The next Id is the following:
{"nextId":1410}

qtjwjum5b9l4ww8wo1rb
Got a good locked read

r2rffhtkfpobma6qsj5l
The try count is 1

q2ba5ibvz4fa8cu6r6ch
Success! The next Id is the following:
{"nextId":1415}

qtjwjum5b9l4ww8wo1rb
Got a good locked read

r2rffhtkfpobma6qsj5l
The try count is 1

q2ba5ibvz4fa8cu6r6ch
Success! The next Id is the following:
{"nextId":1420}

qtjwjum5b9l4ww8wo1rb
Got a good locked read

r2rffhtkfpobma6qsj5l
The try count is 1

q2ba5ibvz4fa8cu6r6ch
Success! The next Id is the following:
{"nextId":1425}

cstvfi66yqlqqkhh4g4b
No template could be found.
This was the error:
{"errno":-4058,"code":"ENOENT","syscall":"open","path":"C:\\Users\\user\\Desktop\\Tutorials\\iotajs\\ias\\accounting\\dbPermission\\user\\userList.html"}

vugvi8rl2ftt0mu7869f
There was an error or no template was returned.
This was the error:
"No template could be found."

qtjwjum5b9l4ww8wo1rb
Got a good locked read

r2rffhtkfpobma6qsj5l
The try count is 1

q2ba5ibvz4fa8cu6r6ch
Success! The next Id is the following:
{"nextId":1430}

qtjwjum5b9l4ww8wo1rb
Got a good locked read

r2rffhtkfpobma6qsj5l
The try count is 1

q2ba5ibvz4fa8cu6r6ch
Success! The next Id is the following:
{"nextId":1435}

qs9tayvevafco6598owy
Could not read file 
This was the error:
{"errno":-4058,"code":"ENOENT","syscall":"open","path":"C:\\Users\\user\\Desktop\\Tutorials\\iotajs\\ias\\accounting\\dbHistory\\gsuid.json"}

vqihr0azmm9vasc21885
Problem reading gsuid.json.
This is the error:
{"errno":-4058,"code":"ENOENT","syscall":"open","path":"C:\\Users\\user\\Desktop\\Tutorials\\iotajs\\ias\\accounting\\dbHistory\\gsuid.json"}

r2rffhtkfpobma6qsj5l
The try count is 1

egnqfq48ru4319c7sa4b
We got a lock on the gsuid file but there was a problem reading or writing to it.
This was the error:
{"errno":-4058,"code":"ENOENT","syscall":"open","path":"C:\\Users\\user\\Desktop\\Tutorials\\iotajs\\ias\\accounting\\dbHistory\\gsuid.json"}

fkk9ccm69fhi2ihcohr0
Unable to get the next gsuid.
The following was the error
{"errno":-4058,"code":"ENOENT","syscall":"open","path":"C:\\Users\\user\\Desktop\\Tutorials\\iotajs\\ias\\accounting\\dbHistory\\gsuid.json"}

qtjwjum5b9l4ww8wo1rb
Got a good locked read

r2rffhtkfpobma6qsj5l
The try count is 1

q2ba5ibvz4fa8cu6r6ch
Success! The next Id is the following:
{"nextId":1440}

qtjwjum5b9l4ww8wo1rb
Got a good locked read

q2ba5ibvz4fa8cu6r6ch
Success! The next Id is the following:
{"nextId":1445}

r2rffhtkfpobma6qsj5l
The try count is 1

qtjwjum5b9l4ww8wo1rb
Got a good locked read

r2rffhtkfpobma6qsj5l
The try count is 1

q2ba5ibvz4fa8cu6r6ch
Success! The next Id is the following:
{"nextId":1450}

qtjwjum5b9l4ww8wo1rb
Got a good locked read

r2rffhtkfpobma6qsj5l
The try count is 1

q2ba5ibvz4fa8cu6r6ch
Success! The next Id is the following:
{"nextId":1455}

rf3z3xrz7bquiy9dqeci
The web page userAdd.html was written successfully to a file.

